#
# A fatal error has been detected by the Java Runtime Environment:
#
#  SIGSEGV (0xb) at pc=0x00007fff8cc92fc9, pid=49539, tid=39435
#
# JRE version: Java(TM) SE Runtime Environment (8.0_05-b13) (build 1.8.0_05-b13)
# Java VM: Java HotSpot(TM) 64-Bit Server VM (25.5-b02 mixed mode bsd-amd64 compressed oops)
# Problematic frame:
# C  [libsystem_platform.dylib+0x4fc9]  _platform_memmove$VARIANT$Unknown+0x29
#
# Failed to write core dump. Core dumps have been disabled. To enable core dumping, try "ulimit -c unlimited" before starting Java again
#
# If you would like to submit a bug report, please visit:
#   http://bugreport.sun.com/bugreport/crash.jsp
# The crash happened outside the Java Virtual Machine in native code.
# See problematic frame for where to report the bug.
#

---------------  T H R E A D  ---------------

Current thread (0x00007fc5326e6800):  JavaThread "OFBiz-JobQueue-1" [_thread_in_native, id=39435, stack(0x000000011cae2000,0x000000011cbe2000)]

siginfo:si_signo=SIGSEGV: si_errno=0, si_code=1 (SEGV_MAPERR), si_addr=0x0000000118219000

Registers:
RAX=0x00007fc53159f600, RBX=0x000000011821699e, RCX=0x0000000000003e2d, RDX=0x0000000000006461
RSP=0x000000011cbdf390, RBP=0x000000011cbdf390, RSI=0x0000000118219000, RDI=0x00007fc5315a1c34
R8 =0x0000000000000000, R9 =0x000000000000000c, R10=0x00000000d1b9fae6, R11=0x00007fc419388c34
R12=0x0000000064724f2f, R13=0x0000000002014b50, R14=0x0000000065527265, R15=0x0000000000006548
RIP=0x00007fff8cc92fc9, EFLAGS=0x0000000000010202, ERR=0x0000000000000004
  TRAPNO=0x000000000000000e

Top of Stack: (sp=0x000000011cbdf390)
0x000000011cbdf390:   000000011cbdf400 0000000102bf815a
0x000000011cbdf3a0:   000000481cbdf468 0000000000000065
0x000000011cbdf3b0:   000000000000706c 00007fc53159f600
0x000000011cbdf3c0:   0000000000006461 00007fc530d60e70
0x000000011cbdf3d0:   00007fc530d40410 00000000635671d6
0x000000011cbdf3e0:   00000000000001c0 00007fc531bb9400
0x000000011cbdf3f0:   00007fc530d60e70 00007fc533554470
0x000000011cbdf400:   000000011cbdf450 0000000102bf8654
0x000000011cbdf410:   0000000000000029 00000029326e6800
0x000000011cbdf420:   000000011cbdf46e 000000011cbdf8b8
0x000000011cbdf430:   0000000000000029 000000011cbdf46e
0x000000011cbdf440:   00007fc530d60e70 00007fc5326e69e0
0x000000011cbdf450:   000000011cbdf8a0 0000000102bf749f
0x000000011cbdf460:   000000011cbdfc40 726f7fc500000001
0x000000011cbdf470:   2f7a6962666f2f67 726f2f726564726f
0x000000011cbdf480:   6564724f2f726564 6563697672655372
0x000000011cbdf490:   007373616c632e73 0000000000000000
0x000000011cbdf4a0:   000000011cbdf800 0000000413eba3a8
0x000000011cbdf4b0:   0000000000000001 0000000113eba3a8
0x000000011cbdf4c0:   00007fc5326e6800 0000000000000001
0x000000011cbdf4d0:   00007fc530c171bc 00000000000000bb
0x000000011cbdf4e0:   0000000000000001 0000000113eba3a8
0x000000011cbdf4f0:   00007fc5326e6800 0000000000000000
0x000000011cbdf500:   00000000000004e0 0000000113eba3a8
0x000000011cbdf510:   00007fc5326e6800 0000000113eba3a8
0x000000011cbdf520:   000000011cbdf970 0000000113eba3a8
0x000000011cbdf530:   0000000000000000 0000000113eba3a8
0x000000011cbdf540:   000000010347a7a0 000000011cbdf650
0x000000011cbdf550:   0000000113eba3a8 000000011cbdf800
0x000000011cbdf560:   00007fc5326e6800 000000011cbdf650
0x000000011cbdf570:   0000000113eba3a8 000000011cbdf800
0x000000011cbdf580:   000000011cbdf6f0 0000000101efd08b 

Instructions: (pc=0x00007fff8cc92fc9)
0x00007fff8cc92fa9:   f3 48 89 f8 49 39 d3 72 1b 48 83 fa 60 76 2f 48
0x00007fff8cc92fb9:   81 fa 00 40 00 00 0f 82 bb 00 00 00 48 89 d1 fc
0x00007fff8cc92fc9:   f3 a4 5d c3 48 39 fe 74 f9 48 01 d6 48 01 d7 48
0x00007fff8cc92fd9:   83 fa 60 0f 82 5c 01 00 00 e9 79 01 00 00 48 83 

Register to memory mapping:

RAX=0x00007fc53159f600 is an unknown value
RBX=0x000000011821699e is an unknown value
RCX=0x0000000000003e2d is an unknown value
RDX=0x0000000000006461 is an unknown value
RSP=0x000000011cbdf390 is pointing into the stack for thread: 0x00007fc5326e6800
RBP=0x000000011cbdf390 is pointing into the stack for thread: 0x00007fc5326e6800
RSI=0x0000000118219000 is an unknown value
RDI=0x00007fc5315a1c34 is an unknown value
R8 =0x0000000000000000 is an unknown value
R9 =0x000000000000000c is an unknown value
R10=0x00000000d1b9fae6 is an unknown value
R11=0x00007fc419388c34 is an unknown value
R12=0x0000000064724f2f is an unknown value
R13=0x0000000002014b50 is an unknown value
R14=0x0000000065527265 is an unknown value
R15=0x0000000000006548 is an unknown value


Stack: [0x000000011cae2000,0x000000011cbe2000],  sp=0x000000011cbdf390,  free space=1012k
Native frames: (J=compiled Java code, j=interpreted, Vv=VM code, C=native code)
C  [libsystem_platform.dylib+0x4fc9]  _platform_memmove$VARIANT$Unknown+0x29
C  [libzip.dylib+0x315a]  newEntry+0x2c8
C  [libzip.dylib+0x3654]  ZIP_GetEntry+0xa2
C  [libzip.dylib+0x249f]  Java_java_util_zip_ZipFile_getEntry+0xdd
J 178  java.util.zip.ZipFile.getEntry(J[BZ)J (0 bytes) @ 0x00000001035935ce [0x0000000103593500+0xce]

Java frames: (J=compiled Java code, j=interpreted, Vv=VM code)
J 178  java.util.zip.ZipFile.getEntry(J[BZ)J (0 bytes) @ 0x0000000103593558 [0x0000000103593500+0x58]
J 6200 C2 java.util.zip.ZipFile.getEntry(Ljava/lang/String;)Ljava/util/zip/ZipEntry; (86 bytes) @ 0x0000000104603e44 [0x0000000104603b00+0x344]
J 5752 C2 sun.misc.URLClassPath$JarLoader.getResource(Ljava/lang/String;Z)Lsun/misc/Resource; (85 bytes) @ 0x0000000104450b2c [0x0000000104450aa0+0x8c]
J 457 C2 sun.misc.URLClassPath.getResource(Ljava/lang/String;Z)Lsun/misc/Resource; (74 bytes) @ 0x000000010365e238 [0x000000010365e1c0+0x78]
J 12247 C1 java.net.URLClassLoader$1.run()Ljava/lang/Class; (73 bytes) @ 0x00000001035e94e4 [0x00000001035e92e0+0x204]
j  java.net.URLClassLoader$1.run()Ljava/lang/Object;+1
v  ~StubRoutines::call_stub
J 360  java.security.AccessController.doPrivileged(Ljava/security/PrivilegedExceptionAction;Ljava/security/AccessControlContext;)Ljava/lang/Object; (0 bytes) @ 0x0000000103606c23 [0x0000000103606bc0+0x63]
J 2556 C2 java.net.URLClassLoader.findClass(Ljava/lang/String;)Ljava/lang/Class; (29 bytes) @ 0x0000000103d55ea4 [0x0000000103d55e00+0xa4]
J 1793 C2 java.lang.ClassLoader.loadClass(Ljava/lang/String;Z)Ljava/lang/Class; (122 bytes) @ 0x0000000103acd3a8 [0x0000000103accfa0+0x408]
J 1793 C2 java.lang.ClassLoader.loadClass(Ljava/lang/String;Z)Ljava/lang/Class; (122 bytes) @ 0x0000000103acd370 [0x0000000103accfa0+0x3d0]
J 8933 C1 org.ofbiz.base.util.CachedClassLoader.loadClass(Ljava/lang/String;Z)Ljava/lang/Class; (297 bytes) @ 0x000000010488ea7c [0x000000010488dbe0+0xe9c]
J 8932 C1 org.ofbiz.base.util.CachedClassLoader.loadClass(Ljava/lang/String;)Ljava/lang/Class; (7 bytes) @ 0x00000001037472cc [0x0000000103747240+0x8c]
v  ~StubRoutines::call_stub
J 661  java.lang.Class.forName0(Ljava/lang/String;ZLjava/lang/ClassLoader;)Ljava/lang/Class; (0 bytes) @ 0x00000001036dd4a6 [0x00000001036dd440+0x66]
J 698 C1 java.lang.Class.forName(Ljava/lang/String;ZLjava/lang/ClassLoader;)Ljava/lang/Class; (45 bytes) @ 0x00000001036efa5c [0x00000001036ef5e0+0x47c]
J 6587 C1 org.apache.catalina.loader.WebappClassLoader.loadClass(Ljava/lang/String;Z)Ljava/lang/Class; (587 bytes) @ 0x00000001047308cc [0x000000010472ef20+0x19ac]
J 6465 C1 org.apache.catalina.loader.WebappClassLoader.loadClass(Ljava/lang/String;)Ljava/lang/Class; (7 bytes) @ 0x00000001046db724 [0x00000001046db6c0+0x64]
j  org.ofbiz.service.engine.StandardJavaEngine.serviceInvoker(Ljava/lang/String;Lorg/ofbiz/service/ModelService;Ljava/util/Map;)Ljava/lang/Object;+133
j  org.ofbiz.service.engine.StandardJavaEngine.runSync(Ljava/lang/String;Lorg/ofbiz/service/ModelService;Ljava/util/Map;)Ljava/util/Map;+4
j  org.ofbiz.service.ServiceDispatcher.runSync(Ljava/lang/String;Lorg/ofbiz/service/ModelService;Ljava/util/Map;Z)Ljava/util/Map;+745
j  org.ofbiz.service.ServiceDispatcher.runSync(Ljava/lang/String;Lorg/ofbiz/service/ModelService;Ljava/util/Map;)Ljava/util/Map;+5
j  org.ofbiz.service.GenericDispatcherFactory$GenericDispatcher.runSync(Ljava/lang/String;Ljava/util/Map;)Ljava/util/Map;+19
j  org.ofbiz.service.job.GenericServiceJob.exec()V+52
j  org.ofbiz.service.job.AbstractJob.run()V+5
j  java.util.concurrent.ThreadPoolExecutor.runWorker(Ljava/util/concurrent/ThreadPoolExecutor$Worker;)V+95
j  java.util.concurrent.ThreadPoolExecutor$Worker.run()V+5
j  java.lang.Thread.run()V+11
v  ~StubRoutines::call_stub

---------------  P R O C E S S  ---------------

Java Threads: ( => current thread )
  0x00007fc534a76000 JavaThread "http-bio-0.0.0.0-8080-exec-13" daemon [_thread_blocked, id=12843, stack(0x000000011c036000,0x000000011c136000)]
  0x00007fc53268f800 JavaThread "http-bio-0.0.0.0-8080-exec-14" daemon [_thread_blocked, id=34591, stack(0x0000000119f81000,0x000000011a081000)]
=>0x00007fc5326e6800 JavaThread "OFBiz-JobQueue-1" [_thread_in_native, id=39435, stack(0x000000011cae2000,0x000000011cbe2000)]
  0x00007fc534813800 JavaThread "http-bio-0.0.0.0-8080-exec-10" daemon [_thread_blocked, id=40971, stack(0x0000000119e7e000,0x0000000119f7e000)]
  0x00007fc5313ad800 JavaThread "http-bio-0.0.0.0-8080-exec-8" daemon [_thread_blocked, id=12555, stack(0x000000011bd2d000,0x000000011be2d000)]
  0x00007fc535bca800 JavaThread "OFBiz-JobQueue-0" [_thread_blocked, id=34311, stack(0x000000011933d000,0x000000011943d000)]
  0x00007fc53502e000 JavaThread "ReferenceCleaner" daemon [_thread_blocked, id=34823, stack(0x000000011de67000,0x000000011df67000)]
  0x00007fc532ebd800 JavaThread "DestroyJavaVM" [_thread_blocked, id=5379, stack(0x0000000102adb000,0x0000000102bdb000)]
  0x00007fc53491b800 JavaThread "http-bio-0.0.0.0-8443-AsyncTimeout" daemon [_thread_blocked, id=38915, stack(0x000000011d355000,0x000000011d455000)]
  0x00007fc535200800 JavaThread "http-bio-0.0.0.0-8443-Acceptor-0" daemon [_thread_in_native, id=38403, stack(0x000000011d252000,0x000000011d352000)]
  0x00007fc5351ff800 JavaThread "http-bio-0.0.0.0-8080-AsyncTimeout" daemon [_thread_blocked, id=37891, stack(0x000000011d14f000,0x000000011d24f000)]
  0x00007fc5351ff000 JavaThread "http-bio-0.0.0.0-8080-Acceptor-0" daemon [_thread_in_native, id=37379, stack(0x000000011d04c000,0x000000011d14c000)]
  0x00007fc5351fe000 JavaThread "ajp-bio-0.0.0.0-8009-AsyncTimeout" daemon [_thread_blocked, id=36867, stack(0x000000011cf49000,0x000000011d049000)]
  0x00007fc5351fa800 JavaThread "ajp-bio-0.0.0.0-8009-Acceptor-0" daemon [_thread_in_native, id=36355, stack(0x000000011ce46000,0x000000011cf46000)]
  0x00007fc535b58800 JavaThread "ContainerBackgroundProcessor[StandardEngine[default-server]]" daemon [_thread_blocked, id=35843, stack(0x000000011cd43000,0x000000011ce43000)]
  0x00007fc5328be000 JavaThread "ContainerBackgroundProcessor[StandardEngine[default-server].StandardHost[0.0.0.0]]" daemon [_thread_blocked, id=35331, stack(0x000000011c339000,0x000000011c439000)]
  0x00007fc53521e800 JavaThread "RMI RenewClean-[10.0.0.23:57846,org.ofbiz.service.rmi.socket.ssl.SSLClientSocketFactory@62acffc9]" daemon [_thread_blocked, id=33795, stack(0x000000011bf33000,0x000000011c033000)]
  0x00007fc535c00000 JavaThread "RMI Scheduler(0)" daemon [_thread_blocked, id=33283, stack(0x000000011be30000,0x000000011bf30000)]
  0x00007fc53527c000 JavaThread "GC Daemon" daemon [_thread_blocked, id=32259, stack(0x000000011bc2a000,0x000000011bd2a000)]
  0x00007fc53527b000 JavaThread "RMI Reaper" [_thread_blocked, id=31747, stack(0x000000011a456000,0x000000011a556000)]
  0x00007fc5352d5800 JavaThread "RMI TCP Accept-0" daemon [_thread_in_native, id=31235, stack(0x0000000118d15000,0x0000000118e15000)]
  0x00007fc535968800 JavaThread "RMI TCP Accept-1099" daemon [_thread_in_native, id=30727, stack(0x000000011b37c000,0x000000011b47c000)]
  0x00007fc535248000 JavaThread "OFBiz-JobPoller" [_thread_blocked, id=30211, stack(0x000000011ac59000,0x000000011ad59000)]
  0x00007fc535847800 JavaThread "Thread-17" daemon [_thread_blocked, id=29699, stack(0x000000011a99e000,0x000000011aa9e000)]
  0x00007fc53524b000 JavaThread "OFBiz-config-3" daemon [_thread_blocked, id=29187, stack(0x000000011afa1000,0x000000011b0a1000)]
  0x00007fc5359c3000 JavaThread "OFBiz-entity-datasource(localderby)-0" daemon [_thread_blocked, id=28675, stack(0x0000000119133000,0x0000000119233000)]
  0x00007fc532c40000 JavaThread "OFBiz-entity-datasource(localderbytenant)-0" daemon [_thread_blocked, id=28163, stack(0x000000011923a000,0x000000011933a000)]
  0x00007fc533892000 JavaThread "OFBiz-entity-datasource(localderbyolap)-0" daemon [_thread_blocked, id=27651, stack(0x000000011bb27000,0x000000011bc27000)]
  0x00007fc531d0b800 JavaThread "derby.rawStoreDaemon" daemon [_thread_blocked, id=27139, stack(0x000000011a81a000,0x000000011a91a000)]
  0x00007fc531754800 JavaThread "derby.rawStoreDaemon" daemon [_thread_blocked, id=26627, stack(0x000000011a717000,0x000000011a817000)]
  0x00007fc531d3a000 JavaThread "derby.rawStoreDaemon" daemon [_thread_blocked, id=26115, stack(0x000000011a614000,0x000000011a714000)]
  0x00007fc5338d4800 JavaThread "Timer-1" daemon [_thread_blocked, id=25603, stack(0x000000011a2be000,0x000000011a3be000)]
  0x00007fc53388a800 JavaThread "Timer-0" daemon [_thread_blocked, id=25091, stack(0x0000000119d7b000,0x0000000119e7b000)]
  0x00007fc5317b0800 JavaThread "Abandoned connection cleanup thread" daemon [_thread_blocked, id=24579, stack(0x0000000119c78000,0x0000000119d78000)]
  0x00007fc5317b3800 JavaThread "RetryTimer" daemon [_thread_blocked, id=24067, stack(0x0000000119b75000,0x0000000119c75000)]
  0x00007fc531c7b800 JavaThread "OFBiz-config-2" daemon [_thread_blocked, id=23555, stack(0x0000000119872000,0x0000000119972000)]
  0x00007fc531704800 JavaThread "OFBiz-config-1" daemon [_thread_blocked, id=23043, stack(0x000000011976f000,0x000000011986f000)]
  0x00007fc53403c000 JavaThread "OFBiz-config-0" daemon [_thread_blocked, id=22531, stack(0x000000011966c000,0x000000011976c000)]
  0x00007fc533841000 JavaThread "OFBiz-ExecutionPoolPulseWorker-3" daemon [_thread_blocked, id=22019, stack(0x0000000119569000,0x0000000119669000)]
  0x00007fc53389e800 JavaThread "OFBiz-ExecutionPoolPulseWorker-2" daemon [_thread_blocked, id=21507, stack(0x0000000119466000,0x0000000119566000)]
  0x00007fc53389d800 JavaThread "OFBiz-ExecutionPoolPulseWorker-1" daemon [_thread_blocked, id=20995, stack(0x0000000118c12000,0x0000000118d12000)]
  0x00007fc53389d000 JavaThread "OFBiz-ExecutionPoolPulseWorker-0" daemon [_thread_blocked, id=20483, stack(0x0000000118a11000,0x0000000118b11000)]
  0x00007fc532944000 JavaThread "AsyncAppender-async" daemon [_thread_blocked, id=19971, stack(0x000000011826c000,0x000000011836c000)]
  0x00007fc5320db800 JavaThread "OFBiz-AdminPortThread" [_thread_in_native, id=19459, stack(0x0000000117b5f000,0x0000000117c5f000)]
  0x00007fc53206a000 JavaThread "Service Thread" daemon [_thread_blocked, id=18435, stack(0x00000001178b4000,0x00000001179b4000)]
  0x00007fc531807000 JavaThread "C1 CompilerThread2" daemon [_thread_blocked, id=17923, stack(0x00000001177b1000,0x00000001178b1000)]
  0x00007fc53203e000 JavaThread "C2 CompilerThread1" daemon [_thread_in_vm, id=17411, stack(0x00000001176ae000,0x00000001177ae000)]
  0x00007fc53203d000 JavaThread "C2 CompilerThread0" daemon [_thread_in_native, id=16899, stack(0x00000001175ab000,0x00000001176ab000)]
  0x00007fc532037000 JavaThread "Signal Dispatcher" daemon [_thread_blocked, id=16411, stack(0x00000001174a8000,0x00000001175a8000)]
  0x00007fc53205b800 JavaThread "Finalizer" daemon [_thread_blocked, id=12035, stack(0x0000000115b60000,0x0000000115c60000)]
  0x00007fc53205a800 JavaThread "Reference Handler" daemon [_thread_blocked, id=11523, stack(0x0000000115a5d000,0x0000000115b5d000)]

Other Threads:
  0x00007fc531805000 VMThread [stack: 0x000000011595a000,0x0000000115a5a000] [id=11011]
  0x00007fc531809000 WatcherThread [stack: 0x00000001179b7000,0x0000000117ab7000] [id=18947]

VM state:not at safepoint (normal execution)

VM Mutex/Monitor currently owned by a thread: None

Heap:
 PSYoungGen      total 121344K, used 33515K [0x00000007b5580000, 0x00000007be400000, 0x00000007c0000000)
  eden space 98304K, 34% used [0x00000007b5580000,0x00000007b763afd8,0x00000007bb580000)
  from space 23040K, 0% used [0x00000007bcc80000,0x00000007bcc80000,0x00000007be300000)
  to   space 23552K, 0% used [0x00000007bb580000,0x00000007bb580000,0x00000007bcc80000)
 ParOldGen       total 129536K, used 67793K [0x00000007a0000000, 0x00000007a7e80000, 0x00000007b5580000)
  object space 129536K, 52% used [0x00000007a0000000,0x00000007a4234740,0x00000007a7e80000)
 Metaspace       used 46779K, capacity 49456K, committed 49920K, reserved 1091584K
  class space    used 5328K, capacity 6812K, committed 6912K, reserved 1048576K

Card table byte_map: [0x00000001127f4000,0x00000001128f5000] byte_map_base: 0x000000010eaf4000

Marking Bits: (ParMarkBitMap*) 0x00000001024690a0
 Begin Bits: [0x0000000112dac000, 0x00000001135ac000)
 End Bits:   [0x00000001135ac000, 0x0000000113dac000)

Polling page: 0x0000000102beb000

CodeCache: size=245760Kb used=32752Kb max_used=33146Kb free=213007Kb
 bounds [0x0000000103434000, 0x0000000105514000, 0x0000000112434000]
 total_blobs=10026 nmethods=9320 adapters=618
 compilation: enabled

Compilation events (10 events):
Event: 61609.181 Thread 0x00007fc531807000 12254       3       org.apache.derby.impl.store.access.RAMTransaction::openStoreCost (22 bytes)
Event: 61609.182 Thread 0x00007fc531807000 nmethod 12254 0x000000010410d150 code [0x000000010410d2c0, 0x000000010410d518]
Event: 61609.182 Thread 0x00007fc531807000 12257       3       org.apache.derby.impl.sql.compile.ProjectRestrictNode::optimizeIt (174 bytes)
Event: 61609.183 Thread 0x00007fc531807000 nmethod 12257 0x000000010484f790 code [0x000000010484fa20, 0x0000000104850ab8]
Event: 61609.183 Thread 0x00007fc531807000 12258       3       org.apache.derby.impl.sql.compile.FromBaseTable::optimizeIt (32 bytes)
Event: 61609.184 Thread 0x00007fc531807000 nmethod 12258 0x0000000104708c90 code [0x0000000104708e20, 0x00000001047090e8]
Event: 61609.184 Thread 0x00007fc531807000 12268       3       org.apache.derby.impl.sql.compile.ResultColumn::bindExpression (71 bytes)
Event: 61609.185 Thread 0x00007fc531807000 nmethod 12268 0x000000010467b110 code [0x000000010467b320, 0x000000010467be28]
Event: 61609.185 Thread 0x00007fc531807000 12269       3       org.apache.derby.impl.sql.compile.ResultColumn::bindResultColumnToExpression (54 bytes)
Event: 61609.185 Thread 0x00007fc53203e000 12277   !   4       org.apache.derby.impl.sql.compile.NodeFactoryImpl::getNode (82 bytes)

GC Heap History (10 events):
Event: 3608.183 GC heap before
{Heap before GC invocations=40 (full 2):
 PSYoungGen      total 118784K, used 100660K [0x00000007b5580000, 0x00000007be800000, 0x00000007c0000000)
  eden space 103936K, 82% used [0x00000007b5580000,0x00000007ba9a3cf8,0x00000007bbb00000)
  from space 14848K, 97% used [0x00000007bc000000,0x00000007bce29440,0x00000007bce80000)
  to   space 23040K, 0% used [0x00000007bd180000,0x00000007bd180000,0x00000007be800000)
 ParOldGen       total 129536K, used 75106K [0x00000007a0000000, 0x00000007a7e80000, 0x00000007b5580000)
  object space 129536K, 57% used [0x00000007a0000000,0x00000007a4958af0,0x00000007a7e80000)
 Metaspace       used 46507K, capacity 49166K, committed 49280K, reserved 1091584K
  class space    used 5333K, capacity 6747K, committed 6784K, reserved 1048576K
Event: 3608.195 GC heap after
Heap after GC invocations=40 (full 2):
 PSYoungGen      total 126976K, used 14748K [0x00000007b5580000, 0x00000007be800000, 0x00000007c0000000)
  eden space 103936K, 0% used [0x00000007b5580000,0x00000007b5580000,0x00000007bbb00000)
  from space 23040K, 64% used [0x00000007bd180000,0x00000007bdfe72d0,0x00000007be800000)
  to   space 23040K, 0% used [0x00000007bbb00000,0x00000007bbb00000,0x00000007bd180000)
 ParOldGen       total 129536K, used 75114K [0x00000007a0000000, 0x00000007a7e80000, 0x00000007b5580000)
  object space 129536K, 57% used [0x00000007a0000000,0x00000007a495aaf0,0x00000007a7e80000)
 Metaspace       used 46507K, capacity 49166K, committed 49280K, reserved 1091584K
  class space    used 5333K, capacity 6747K, committed 6784K, reserved 1048576K
}
Event: 3608.195 GC heap before
{Heap before GC invocations=41 (full 3):
 PSYoungGen      total 126976K, used 14748K [0x00000007b5580000, 0x00000007be800000, 0x00000007c0000000)
  eden space 103936K, 0% used [0x00000007b5580000,0x00000007b5580000,0x00000007bbb00000)
  from space 23040K, 64% used [0x00000007bd180000,0x00000007bdfe72d0,0x00000007be800000)
  to   space 23040K, 0% used [0x00000007bbb00000,0x00000007bbb00000,0x00000007bd180000)
 ParOldGen       total 129536K, used 75114K [0x00000007a0000000, 0x00000007a7e80000, 0x00000007b5580000)
  object space 129536K, 57% used [0x00000007a0000000,0x00000007a495aaf0,0x00000007a7e80000)
 Metaspace       used 46507K, capacity 49166K, committed 49280K, reserved 1091584K
  class space    used 5333K, capacity 6747K, committed 6784K, reserved 1048576K
Event: 3608.673 GC heap after
Heap after GC invocations=41 (full 3):
 PSYoungGen      total 126976K, used 0K [0x00000007b5580000, 0x00000007be800000, 0x00000007c0000000)
  eden space 103936K, 0% used [0x00000007b5580000,0x00000007b5580000,0x00000007bbb00000)
  from space 23040K, 0% used [0x00000007bd180000,0x00000007bd180000,0x00000007be800000)
  to   space 23040K, 0% used [0x00000007bbb00000,0x00000007bbb00000,0x00000007bd180000)
 ParOldGen       total 129536K, used 68894K [0x00000007a0000000, 0x00000007a7e80000, 0x00000007b5580000)
  object space 129536K, 53% used [0x00000007a0000000,0x00000007a4347b28,0x00000007a7e80000)
 Metaspace       used 46336K, capacity 48884K, committed 49280K, reserved 1091584K
  class space    used 5307K, capacity 6700K, committed 6784K, reserved 1048576K
}
Event: 13260.023 GC heap before
{Heap before GC invocations=42 (full 3):
 PSYoungGen      total 126976K, used 103936K [0x00000007b5580000, 0x00000007be800000, 0x00000007c0000000)
  eden space 103936K, 100% used [0x00000007b5580000,0x00000007bbb00000,0x00000007bbb00000)
  from space 23040K, 0% used [0x00000007bd180000,0x00000007bd180000,0x00000007be800000)
  to   space 23040K, 0% used [0x00000007bbb00000,0x00000007bbb00000,0x00000007bd180000)
 ParOldGen       total 129536K, used 68894K [0x00000007a0000000, 0x00000007a7e80000, 0x00000007b5580000)
  object space 129536K, 53% used [0x00000007a0000000,0x00000007a4347b28,0x00000007a7e80000)
 Metaspace       used 46614K, capacity 49164K, committed 49536K, reserved 1091584K
  class space    used 5316K, capacity 6741K, committed 6784K, reserved 1048576K
Event: 13260.033 GC heap after
Heap after GC invocations=42 (full 3):
 PSYoungGen      total 103936K, used 4717K [0x00000007b5580000, 0x00000007be300000, 0x00000007c0000000)
  eden space 98816K, 0% used [0x00000007b5580000,0x00000007b5580000,0x00000007bb600000)
  from space 5120K, 92% used [0x00000007bbb00000,0x00000007bbf9b538,0x00000007bc000000)
  to   space 23040K, 0% used [0x00000007bcc80000,0x00000007bcc80000,0x00000007be300000)
 ParOldGen       total 129536K, used 68902K [0x00000007a0000000, 0x00000007a7e80000, 0x00000007b5580000)
  object space 129536K, 53% used [0x00000007a0000000,0x00000007a4349b28,0x00000007a7e80000)
 Metaspace       used 46614K, capacity 49164K, committed 49536K, reserved 1091584K
  class space    used 5316K, capacity 6741K, committed 6784K, reserved 1048576K
}
Event: 13491.375 GC heap before
{Heap before GC invocations=43 (full 3):
 PSYoungGen      total 103936K, used 11460K [0x00000007b5580000, 0x00000007be300000, 0x00000007c0000000)
  eden space 98816K, 6% used [0x00000007b5580000,0x00000007b5c15ba0,0x00000007bb600000)
  from space 5120K, 92% used [0x00000007bbb00000,0x00000007bbf9b538,0x00000007bc000000)
  to   space 23040K, 0% used [0x00000007bcc80000,0x00000007bcc80000,0x00000007be300000)
 ParOldGen       total 129536K, used 68902K [0x00000007a0000000, 0x00000007a7e80000, 0x00000007b5580000)
  object space 129536K, 53% used [0x00000007a0000000,0x00000007a4349b28,0x00000007a7e80000)
 Metaspace       used 46649K, capacity 49170K, committed 49536K, reserved 1091584K
  class space    used 5317K, capacity 6742K, committed 6784K, reserved 1048576K
Event: 13491.378 GC heap after
Heap after GC invocations=43 (full 3):
 PSYoungGen      total 121344K, used 898K [0x00000007b5580000, 0x00000007be400000, 0x00000007c0000000)
  eden space 98304K, 0% used [0x00000007b5580000,0x00000007b5580000,0x00000007bb580000)
  from space 23040K, 3% used [0x00000007bcc80000,0x00000007bcd608c0,0x00000007be300000)
  to   space 23552K, 0% used [0x00000007bb580000,0x00000007bb580000,0x00000007bcc80000)
 ParOldGen       total 129536K, used 68902K [0x00000007a0000000, 0x00000007a7e80000, 0x00000007b5580000)
  object space 129536K, 53% used [0x00000007a0000000,0x00000007a4349b28,0x00000007a7e80000)
 Metaspace       used 46649K, capacity 49170K, committed 49536K, reserved 1091584K
  class space    used 5317K, capacity 6742K, committed 6784K, reserved 1048576K
}
Event: 13491.378 GC heap before
{Heap before GC invocations=44 (full 4):
 PSYoungGen      total 121344K, used 898K [0x00000007b5580000, 0x00000007be400000, 0x00000007c0000000)
  eden space 98304K, 0% used [0x00000007b5580000,0x00000007b5580000,0x00000007bb580000)
  from space 23040K, 3% used [0x00000007bcc80000,0x00000007bcd608c0,0x00000007be300000)
  to   space 23552K, 0% used [0x00000007bb580000,0x00000007bb580000,0x00000007bcc80000)
 ParOldGen       total 129536K, used 68902K [0x00000007a0000000, 0x00000007a7e80000, 0x00000007b5580000)
  object space 129536K, 53% used [0x00000007a0000000,0x00000007a4349b28,0x00000007a7e80000)
 Metaspace       used 46649K, capacity 49170K, committed 49536K, reserved 1091584K
  class space    used 5317K, capacity 6742K, committed 6784K, reserved 1048576K
Event: 13491.695 GC heap after
Heap after GC invocations=44 (full 4):
 PSYoungGen      total 121344K, used 0K [0x00000007b5580000, 0x00000007be400000, 0x00000007c0000000)
  eden space 98304K, 0% used [0x00000007b5580000,0x00000007b5580000,0x00000007bb580000)
  from space 23040K, 0% used [0x00000007bcc80000,0x00000007bcc80000,0x00000007be300000)
  to   space 23552K, 0% used [0x00000007bb580000,0x00000007bb580000,0x00000007bcc80000)
 ParOldGen       total 129536K, used 67793K [0x00000007a0000000, 0x00000007a7e80000, 0x00000007b5580000)
  object space 129536K, 52% used [0x00000007a0000000,0x00000007a4234740,0x00000007a7e80000)
 Metaspace       used 46649K, capacity 49170K, committed 49536K, reserved 1091584K
  class space    used 5317K, capacity 6742K, committed 6784K, reserved 1048576K
}

Deoptimization events (10 events):
Event: 61609.100 Thread 0x00007fc535248000 Uncommon trap: reason=unreached action=reinterpret pc=0x000000010406a1a8 method=org.apache.derby.impl.store.access.sort.SortBuffer.deleteLeftmost(Lorg/apache/derby/impl/store/access/sort/Node;)Lorg/apache/derby/impl/store/access/sort/Node; @ 11
Event: 61609.109 Thread 0x00007fc535248000 Uncommon trap: reason=unreached action=reinterpret pc=0x00000001041d1ed4 method=java.util.concurrent.ConcurrentHashMap.addCount(JI)V @ 7
Event: 61609.109 Thread 0x00007fc535bca800 Uncommon trap: reason=unreached action=reinterpret pc=0x0000000103784d6c method=java.util.concurrent.ConcurrentHashMap.addCount(JI)V @ 7
Event: 61609.109 Thread 0x00007fc535bca800 Uncommon trap: reason=unreached action=reinterpret pc=0x000000010414ccb4 method=java.util.concurrent.ConcurrentHashMap.addCount(JI)V @ 7
Event: 61609.161 Thread 0x00007fc535bca800 Uncommon trap: reason=bimorphic action=maybe_recompile pc=0x00000001053738e0 method=org.apache.derby.impl.jdbc.EmbedResultSet.getString(I)Ljava/lang/String; @ 14
Event: 61609.161 Thread 0x00007fc535bca800 Uncommon trap: reason=bimorphic action=maybe_recompile pc=0x00000001053738e0 method=org.apache.derby.impl.jdbc.EmbedResultSet.getString(I)Ljava/lang/String; @ 14
Event: 61609.162 Thread 0x00007fc535bca800 Uncommon trap: reason=unreached action=reinterpret pc=0x00000001048c7390 method=java.lang.ref.SoftReference.get()Ljava/lang/Object; @ 6
Event: 61609.162 Thread 0x00007fc535bca800 Uncommon trap: reason=unreached action=reinterpret pc=0x0000000104539d98 method=java.lang.ref.SoftReference.get()Ljava/lang/Object; @ 6
Event: 61609.178 Thread 0x00007fc535bca800 Uncommon trap: reason=bimorphic action=maybe_recompile pc=0x00000001053738e0 method=org.apache.derby.impl.jdbc.EmbedResultSet.getString(I)Ljava/lang/String; @ 14
Event: 61609.179 Thread 0x00007fc535bca800 Uncommon trap: reason=bimorphic action=maybe_recompile pc=0x00000001053738e0 method=org.apache.derby.impl.jdbc.EmbedResultSet.getString(I)Ljava/lang/String; @ 14

Internal exceptions (10 events):
Event: 61609.165 Thread 0x00007fc535bca800 Exception <a 'java/security/PrivilegedActionException'> (0x00000007b72b50d0) thrown at [/HUDSON/workspace/8-2-build-macosx-x86_64/jdk8u5/2488/hotspot/src/share/vm/prims/jvm.cpp, line 1248]
Event: 61609.165 Thread 0x00007fc535bca800 Exception <a 'java/security/PrivilegedActionException'> (0x00000007b72b5770) thrown at [/HUDSON/workspace/8-2-build-macosx-x86_64/jdk8u5/2488/hotspot/src/share/vm/prims/jvm.cpp, line 1248]
Event: 61609.165 Thread 0x00007fc535bca800 Exception <a 'java/security/PrivilegedActionException'> (0x00000007b72c36e0) thrown at [/HUDSON/workspace/8-2-build-macosx-x86_64/jdk8u5/2488/hotspot/src/share/vm/prims/jvm.cpp, line 1248]
Event: 61609.179 Thread 0x00007fc535bca800 Exception <a 'java/security/PrivilegedActionException'> (0x00000007b7412798) thrown at [/HUDSON/workspace/8-2-build-macosx-x86_64/jdk8u5/2488/hotspot/src/share/vm/prims/jvm.cpp, line 1248]
Event: 61609.179 Thread 0x00007fc535bca800 Exception <a 'java/security/PrivilegedActionException'> (0x00000007b7412d78) thrown at [/HUDSON/workspace/8-2-build-macosx-x86_64/jdk8u5/2488/hotspot/src/share/vm/prims/jvm.cpp, line 1248]
Event: 61609.179 Thread 0x00007fc535bca800 Exception <a 'java/security/PrivilegedActionException'> (0x00000007b741dab8) thrown at [/HUDSON/workspace/8-2-build-macosx-x86_64/jdk8u5/2488/hotspot/src/share/vm/prims/jvm.cpp, line 1248]
Event: 61609.184 Thread 0x00007fc5326e6800 Exception <a 'java/security/PrivilegedActionException'> (0x00000007b75fd2e0) thrown at [/HUDSON/workspace/8-2-build-macosx-x86_64/jdk8u5/2488/hotspot/src/share/vm/prims/jvm.cpp, line 1248]
Event: 61609.185 Thread 0x00007fc5326e6800 Exception <a 'java/security/PrivilegedActionException'> (0x00000007b75ff1d0) thrown at [/HUDSON/workspace/8-2-build-macosx-x86_64/jdk8u5/2488/hotspot/src/share/vm/prims/jvm.cpp, line 1248]
Event: 61609.185 Thread 0x00007fc5326e6800 Exception <a 'java/security/PrivilegedActionException'> (0x00000007b75ff780) thrown at [/HUDSON/workspace/8-2-build-macosx-x86_64/jdk8u5/2488/hotspot/src/share/vm/prims/jvm.cpp, line 1248]
Event: 61609.185 Thread 0x00007fc5326e6800 Exception <a 'java/security/PrivilegedActionException'> (0x00000007b7609a68) thrown at [/HUDSON/workspace/8-2-build-macosx-x86_64/jdk8u5/2488/hotspot/src/share/vm/prims/jvm.cpp, line 1248]

Events (10 events):
Event: 61609.179 loading class org/ofbiz/service/calendar/RecurrenceRule
Event: 61609.179 loading class org/ofbiz/service/calendar/RecurrenceRule done
Event: 61609.181 Executing VM operation: RevokeBias
Event: 61609.181 Executing VM operation: RevokeBias done
Event: 61609.184 loading class org/ofbiz/order/order/OrderServices
Event: 61609.184 loading class org/ofbiz/order/order/OrderServices done
Event: 61609.185 Executing VM operation: RevokeBias
Event: 61609.185 Executing VM operation: RevokeBias done
Event: 61609.185 loading class org/ofbiz/order/order/OrderServices
Event: 61609.185 loading class org/ofbiz/order/order/OrderServices done


Dynamic libraries:
0x0000000007564000 	/System/Library/Frameworks/Cocoa.framework/Versions/A/Cocoa
0x0000000007564000 	/System/Library/Frameworks/Security.framework/Versions/A/Security
0x0000000007564000 	/System/Library/Frameworks/ApplicationServices.framework/Versions/A/ApplicationServices
0x0000000007564000 	/usr/lib/libz.1.dylib
0x0000000007564000 	/usr/lib/libSystem.B.dylib
0x0000000007564000 	/usr/lib/libobjc.A.dylib
0x0000000007564000 	/System/Library/Frameworks/CoreFoundation.framework/Versions/A/CoreFoundation
0x0000000007564000 	/System/Library/Frameworks/Foundation.framework/Versions/C/Foundation
0x0000000007564000 	/System/Library/Frameworks/AppKit.framework/Versions/C/AppKit
0x0000000007564000 	/System/Library/Frameworks/CoreData.framework/Versions/A/CoreData
0x0000000007564000 	/System/Library/PrivateFrameworks/RemoteViewServices.framework/Versions/A/RemoteViewServices
0x0000000007564000 	/System/Library/PrivateFrameworks/UIFoundation.framework/Versions/A/UIFoundation
0x0000000007564000 	/System/Library/Frameworks/IOSurface.framework/Versions/A/IOSurface
0x0000000007564000 	/System/Library/Frameworks/AudioToolbox.framework/Versions/A/AudioToolbox
0x0000000007564000 	/System/Library/Frameworks/AudioUnit.framework/Versions/A/AudioUnit
0x0000000007564000 	/System/Library/PrivateFrameworks/DataDetectorsCore.framework/Versions/A/DataDetectorsCore
0x0000000007564000 	/System/Library/PrivateFrameworks/DesktopServicesPriv.framework/Versions/A/DesktopServicesPriv
0x0000000007564000 	/System/Library/Frameworks/Carbon.framework/Versions/A/Frameworks/HIToolbox.framework/Versions/A/HIToolbox
0x0000000007564000 	/System/Library/Frameworks/QuartzCore.framework/Versions/A/QuartzCore
0x0000000007564000 	/System/Library/Frameworks/Carbon.framework/Versions/A/Frameworks/SpeechRecognition.framework/Versions/A/SpeechRecognition
0x0000000007564000 	/usr/lib/libauto.dylib
0x0000000007564000 	/usr/lib/libicucore.A.dylib
0x0000000007564000 	/usr/lib/libxml2.2.dylib
0x0000000007564000 	/System/Library/PrivateFrameworks/CoreUI.framework/Versions/A/CoreUI
0x0000000007564000 	/System/Library/Frameworks/CoreAudio.framework/Versions/A/CoreAudio
0x0000000007564000 	/System/Library/Frameworks/DiskArbitration.framework/Versions/A/DiskArbitration
0x0000000007564000 	/usr/lib/liblangid.dylib
0x0000000007564000 	/System/Library/PrivateFrameworks/MultitouchSupport.framework/Versions/A/MultitouchSupport
0x0000000007564000 	/System/Library/Frameworks/IOKit.framework/Versions/A/IOKit
0x0000000007564000 	/usr/lib/libDiagnosticMessagesClient.dylib
0x0000000007564000 	/System/Library/Frameworks/CoreServices.framework/Versions/A/CoreServices
0x0000000007564000 	/System/Library/PrivateFrameworks/PerformanceAnalysis.framework/Versions/A/PerformanceAnalysis
0x0000000007564000 	/System/Library/PrivateFrameworks/GenerationalStorage.framework/Versions/A/GenerationalStorage
0x0000000007564000 	/System/Library/Frameworks/OpenGL.framework/Versions/A/OpenGL
0x0000000007564000 	/System/Library/PrivateFrameworks/Sharing.framework/Versions/A/Sharing
0x0000000007564000 	/System/Library/Frameworks/CoreGraphics.framework/Versions/A/CoreGraphics
0x0000000007564000 	/System/Library/Frameworks/CoreText.framework/Versions/A/CoreText
0x0000000007564000 	/System/Library/Frameworks/ImageIO.framework/Versions/A/ImageIO
0x0000000007564000 	/usr/lib/libextension.dylib
0x0000000007564000 	/System/Library/PrivateFrameworks/Backup.framework/Versions/A/Backup
0x0000000007564000 	/usr/lib/libarchive.2.dylib
0x0000000007564000 	/System/Library/Frameworks/CFNetwork.framework/Versions/A/CFNetwork
0x0000000007564000 	/System/Library/Frameworks/SystemConfiguration.framework/Versions/A/SystemConfiguration
0x0000000007564000 	/usr/lib/libCRFSuite.dylib
0x0000000007564000 	/usr/lib/libc++.1.dylib
0x0000000007564000 	/usr/lib/libc++abi.dylib
0x0000000007564000 	/usr/lib/system/libcache.dylib
0x0000000007564000 	/usr/lib/system/libcommonCrypto.dylib
0x0000000007564000 	/usr/lib/system/libcompiler_rt.dylib
0x0000000007564000 	/usr/lib/system/libcopyfile.dylib
0x0000000007564000 	/usr/lib/system/libcorecrypto.dylib
0x0000000007564000 	/usr/lib/system/libdispatch.dylib
0x0000000007564000 	/usr/lib/system/libdyld.dylib
0x0000000007564000 	/usr/lib/system/libkeymgr.dylib
0x0000000007564000 	/usr/lib/system/liblaunch.dylib
0x0000000007564000 	/usr/lib/system/libmacho.dylib
0x0000000007564000 	/usr/lib/system/libquarantine.dylib
0x0000000007564000 	/usr/lib/system/libremovefile.dylib
0x0000000007564000 	/usr/lib/system/libsystem_asl.dylib
0x0000000007564000 	/usr/lib/system/libsystem_blocks.dylib
0x0000000007564000 	/usr/lib/system/libsystem_c.dylib
0x0000000007564000 	/usr/lib/system/libsystem_configuration.dylib
0x0000000007564000 	/usr/lib/system/libsystem_coreservices.dylib
0x0000000007564000 	/usr/lib/system/libsystem_coretls.dylib
0x0000000007564000 	/usr/lib/system/libsystem_dnssd.dylib
0x0000000007564000 	/usr/lib/system/libsystem_info.dylib
0x0000000007564000 	/usr/lib/system/libsystem_kernel.dylib
0x0000000007564000 	/usr/lib/system/libsystem_m.dylib
0x0000000007564000 	/usr/lib/system/libsystem_malloc.dylib
0x0000000007564000 	/usr/lib/system/libsystem_network.dylib
0x0000000007564000 	/usr/lib/system/libsystem_networkextension.dylib
0x0000000007564000 	/usr/lib/system/libsystem_notify.dylib
0x0000000007564000 	/usr/lib/system/libsystem_platform.dylib
0x0000000007564000 	/usr/lib/system/libsystem_pthread.dylib
0x0000000007564000 	/usr/lib/system/libsystem_sandbox.dylib
0x0000000007564000 	/usr/lib/system/libsystem_secinit.dylib
0x0000000007564000 	/usr/lib/system/libsystem_stats.dylib
0x0000000007564000 	/usr/lib/system/libsystem_trace.dylib
0x0000000007564000 	/usr/lib/system/libunc.dylib
0x0000000007564000 	/usr/lib/system/libunwind.dylib
0x0000000007564000 	/usr/lib/system/libxpc.dylib
0x0000000007564000 	/usr/lib/libbz2.1.0.dylib
0x0000000007564000 	/usr/lib/liblzma.5.dylib
0x0000000007564000 	/usr/lib/libbsm.0.dylib
0x0000000007564000 	/usr/lib/libsqlite3.dylib
0x0000000007564000 	/usr/lib/system/libkxld.dylib
0x0000000007564000 	/usr/lib/libxar.1.dylib
0x0000000007564000 	/usr/lib/libpam.2.dylib
0x0000000007564000 	/usr/lib/libOpenScriptingUtil.dylib
0x0000000007564000 	/System/Library/Frameworks/CoreServices.framework/Versions/A/Frameworks/FSEvents.framework/Versions/A/FSEvents
0x0000000007564000 	/System/Library/Frameworks/CoreServices.framework/Versions/A/Frameworks/CarbonCore.framework/Versions/A/CarbonCore
0x0000000007564000 	/System/Library/Frameworks/CoreServices.framework/Versions/A/Frameworks/Metadata.framework/Versions/A/Metadata
0x0000000007564000 	/System/Library/Frameworks/CoreServices.framework/Versions/A/Frameworks/OSServices.framework/Versions/A/OSServices
0x0000000007564000 	/System/Library/Frameworks/CoreServices.framework/Versions/A/Frameworks/SearchKit.framework/Versions/A/SearchKit
0x0000000007564000 	/System/Library/Frameworks/CoreServices.framework/Versions/A/Frameworks/AE.framework/Versions/A/AE
0x0000000007564000 	/System/Library/Frameworks/CoreServices.framework/Versions/A/Frameworks/LaunchServices.framework/Versions/A/LaunchServices
0x0000000007564000 	/System/Library/Frameworks/CoreServices.framework/Versions/A/Frameworks/DictionaryServices.framework/Versions/A/DictionaryServices
0x0000000007564000 	/System/Library/Frameworks/NetFS.framework/Versions/A/NetFS
0x0000000007564000 	/System/Library/PrivateFrameworks/NetAuth.framework/Versions/A/NetAuth
0x0000000007564000 	/System/Library/PrivateFrameworks/login.framework/Versions/A/Frameworks/loginsupport.framework/Versions/A/loginsupport
0x0000000007564000 	/System/Library/PrivateFrameworks/TCC.framework/Versions/A/TCC
0x0000000007564000 	/usr/lib/libmecabra.dylib
0x0000000007564000 	/System/Library/PrivateFrameworks/LanguageModeling.framework/Versions/A/LanguageModeling
0x0000000007564000 	/usr/lib/libcmph.dylib
0x0000000007564000 	/usr/lib/libiconv.2.dylib
0x0000000007564000 	/System/Library/Frameworks/OpenDirectory.framework/Versions/A/Frameworks/CFOpenDirectory.framework/Versions/A/CFOpenDirectory
0x0000000007564000 	/System/Library/Frameworks/ServiceManagement.framework/Versions/A/ServiceManagement
0x0000000007564000 	/usr/lib/libxslt.1.dylib
0x0000000007564000 	/System/Library/Frameworks/Carbon.framework/Versions/A/Frameworks/Ink.framework/Versions/A/Ink
0x0000000007564000 	/System/Library/Frameworks/ApplicationServices.framework/Versions/A/Frameworks/ATS.framework/Versions/A/ATS
0x0000000007564000 	/System/Library/Frameworks/ApplicationServices.framework/Versions/A/Frameworks/ColorSync.framework/Versions/A/ColorSync
0x0000000007564000 	/System/Library/Frameworks/ApplicationServices.framework/Versions/A/Frameworks/HIServices.framework/Versions/A/HIServices
0x0000000007564000 	/System/Library/Frameworks/ApplicationServices.framework/Versions/A/Frameworks/LangAnalysis.framework/Versions/A/LangAnalysis
0x0000000007564000 	/System/Library/Frameworks/ApplicationServices.framework/Versions/A/Frameworks/PrintCore.framework/Versions/A/PrintCore
0x0000000007564000 	/System/Library/Frameworks/ApplicationServices.framework/Versions/A/Frameworks/QD.framework/Versions/A/QD
0x0000000007564000 	/System/Library/Frameworks/ApplicationServices.framework/Versions/A/Frameworks/SpeechSynthesis.framework/Versions/A/SpeechSynthesis
0x0000000007564000 	/System/Library/Frameworks/Accelerate.framework/Versions/A/Accelerate
0x0000000007564000 	/System/Library/Frameworks/Accelerate.framework/Versions/A/Frameworks/vImage.framework/Versions/A/vImage
0x0000000007564000 	/System/Library/Frameworks/Accelerate.framework/Versions/A/Frameworks/vecLib.framework/Versions/A/vecLib
0x0000000007564000 	/System/Library/Frameworks/Accelerate.framework/Versions/A/Frameworks/vecLib.framework/Versions/A/libvDSP.dylib
0x0000000007564000 	/System/Library/Frameworks/Accelerate.framework/Versions/A/Frameworks/vecLib.framework/Versions/A/libvMisc.dylib
0x0000000007564000 	/System/Library/Frameworks/Accelerate.framework/Versions/A/Frameworks/vecLib.framework/Versions/A/libLAPACK.dylib
0x0000000007564000 	/System/Library/Frameworks/Accelerate.framework/Versions/A/Frameworks/vecLib.framework/Versions/A/libBLAS.dylib
0x0000000007564000 	/System/Library/Frameworks/Accelerate.framework/Versions/A/Frameworks/vecLib.framework/Versions/A/libLinearAlgebra.dylib
0x0000000007564000 	/System/Library/Frameworks/ApplicationServices.framework/Versions/A/Frameworks/ATS.framework/Versions/A/Resources/libFontParser.dylib
0x0000000007564000 	/System/Library/Frameworks/ApplicationServices.framework/Versions/A/Frameworks/ATS.framework/Versions/A/Resources/libFontRegistry.dylib
0x0000000007564000 	/System/Library/PrivateFrameworks/AppleVPA.framework/Versions/A/AppleVPA
0x0000000007564000 	/System/Library/PrivateFrameworks/AppleJPEG.framework/Versions/A/AppleJPEG
0x0000000007564000 	/System/Library/Frameworks/ImageIO.framework/Versions/A/Resources/libJPEG.dylib
0x0000000007564000 	/System/Library/Frameworks/ImageIO.framework/Versions/A/Resources/libTIFF.dylib
0x0000000007564000 	/System/Library/Frameworks/ImageIO.framework/Versions/A/Resources/libPng.dylib
0x0000000007564000 	/System/Library/Frameworks/ImageIO.framework/Versions/A/Resources/libGIF.dylib
0x0000000007564000 	/System/Library/Frameworks/ImageIO.framework/Versions/A/Resources/libJP2.dylib
0x0000000007564000 	/System/Library/Frameworks/ImageIO.framework/Versions/A/Resources/libRadiance.dylib
0x0000000007564000 	/System/Library/Frameworks/CoreVideo.framework/Versions/A/CoreVideo
0x0000000007564000 	/System/Library/Frameworks/OpenGL.framework/Versions/A/Libraries/libGLU.dylib
0x0000000007564000 	/System/Library/Frameworks/OpenGL.framework/Versions/A/Libraries/libGFXShared.dylib
0x0000000007564000 	/System/Library/Frameworks/OpenGL.framework/Versions/A/Libraries/libGL.dylib
0x0000000007564000 	/System/Library/Frameworks/OpenGL.framework/Versions/A/Libraries/libGLImage.dylib
0x0000000007564000 	/System/Library/Frameworks/OpenGL.framework/Versions/A/Libraries/libCVMSPluginSupport.dylib
0x0000000007564000 	/System/Library/Frameworks/OpenGL.framework/Versions/A/Libraries/libCoreVMClient.dylib
0x0000000007564000 	/usr/lib/libcups.2.dylib
0x0000000007564000 	/System/Library/Frameworks/Kerberos.framework/Versions/A/Kerberos
0x0000000007564000 	/System/Library/Frameworks/GSS.framework/Versions/A/GSS
0x0000000007564000 	/usr/lib/libresolv.9.dylib
0x0000000007564000 	/System/Library/PrivateFrameworks/Heimdal.framework/Versions/A/Heimdal
0x0000000007564000 	/usr/lib/libheimdal-asn1.dylib
0x0000000007564000 	/System/Library/Frameworks/OpenDirectory.framework/Versions/A/OpenDirectory
0x0000000007564000 	/System/Library/PrivateFrameworks/CommonAuth.framework/Versions/A/CommonAuth
0x0000000007564000 	/System/Library/Frameworks/SecurityFoundation.framework/Versions/A/SecurityFoundation
0x0000000007564000 	/System/Library/Frameworks/QuartzCore.framework/Versions/A/Frameworks/CoreImage.framework/Versions/A/CoreImage
0x0000000007564000 	/System/Library/PrivateFrameworks/CrashReporterSupport.framework/Versions/A/CrashReporterSupport
0x0000000007564000 	/System/Library/Frameworks/OpenCL.framework/Versions/A/OpenCL
0x0000000007564000 	/System/Library/PrivateFrameworks/FaceCore.framework/Versions/A/FaceCore
0x0000000007564000 	/System/Library/PrivateFrameworks/Ubiquity.framework/Versions/A/Ubiquity
0x0000000007564000 	/System/Library/PrivateFrameworks/IconServices.framework/Versions/A/IconServices
0x0000000007564000 	/System/Library/PrivateFrameworks/ChunkingLibrary.framework/Versions/A/ChunkingLibrary
0x0000000007564000 	/System/Library/PrivateFrameworks/Apple80211.framework/Versions/A/Apple80211
0x0000000007564000 	/System/Library/Frameworks/CoreWLAN.framework/Versions/A/CoreWLAN
0x0000000007564000 	/System/Library/Frameworks/IOBluetooth.framework/Versions/A/IOBluetooth
0x0000000007564000 	/System/Library/PrivateFrameworks/CoreWiFi.framework/Versions/A/CoreWiFi
0x0000000007564000 	/System/Library/Frameworks/CoreBluetooth.framework/Versions/A/CoreBluetooth
0x0000000007564000 	/System/Library/PrivateFrameworks/DebugSymbols.framework/Versions/A/DebugSymbols
0x0000000007564000 	/System/Library/PrivateFrameworks/CoreSymbolication.framework/Versions/A/CoreSymbolication
0x0000000007564000 	/System/Library/PrivateFrameworks/Symbolication.framework/Versions/A/Symbolication
0x0000000007564000 	/System/Library/PrivateFrameworks/SpeechRecognitionCore.framework/Versions/A/SpeechRecognitionCore
0x0000000101c03000 	/Library/Java/JavaVirtualMachines/jdk1.8.0_05.jdk/Contents/Home/jre/lib/server/libjvm.dylib
0x0000000007564000 	/usr/lib/libstdc++.6.dylib
0x0000000102bdd000 	/Library/Java/JavaVirtualMachines/jdk1.8.0_05.jdk/Contents/Home/jre/lib/libverify.dylib
0x0000000103400000 	/Library/Java/JavaVirtualMachines/jdk1.8.0_05.jdk/Contents/Home/jre/lib/libjava.dylib
0x0000000102bf5000 	/Library/Java/JavaVirtualMachines/jdk1.8.0_05.jdk/Contents/Home/jre/lib/libzip.dylib
0x0000000115c62000 	/System/Library/Frameworks/JavaVM.framework/Frameworks/JavaRuntimeSupport.framework/JavaRuntimeSupport
0x0000000115c7a000 	/System/Library/Frameworks/JavaVM.framework/Versions/A/Frameworks/JavaNativeFoundation.framework/Versions/A/JavaNativeFoundation
0x0000000115c8f000 	/System/Library/Frameworks/JavaVM.framework/Versions/A/JavaVM
0x0000000007564000 	/System/Library/Frameworks/Carbon.framework/Versions/A/Carbon
0x0000000115c9c000 	/System/Library/PrivateFrameworks/JavaLaunching.framework/Versions/A/JavaLaunching
0x0000000007564000 	/System/Library/Frameworks/Carbon.framework/Versions/A/Frameworks/CommonPanels.framework/Versions/A/CommonPanels
0x0000000007564000 	/System/Library/Frameworks/Carbon.framework/Versions/A/Frameworks/Help.framework/Versions/A/Help
0x0000000007564000 	/System/Library/Frameworks/Carbon.framework/Versions/A/Frameworks/ImageCapture.framework/Versions/A/ImageCapture
0x0000000007564000 	/System/Library/Frameworks/Carbon.framework/Versions/A/Frameworks/OpenScripting.framework/Versions/A/OpenScripting
0x0000000007564000 	/System/Library/Frameworks/Carbon.framework/Versions/A/Frameworks/Print.framework/Versions/A/Print
0x0000000007564000 	/System/Library/Frameworks/Carbon.framework/Versions/A/Frameworks/SecurityHI.framework/Versions/A/SecurityHI
0x0000000117b00000 	/Library/Java/JavaVirtualMachines/jdk1.8.0_05.jdk/Contents/Home/jre/lib/libnet.dylib
0x000000011825e000 	/Library/Java/JavaVirtualMachines/jdk1.8.0_05.jdk/Contents/Home/jre/lib/libmanagement.dylib
0x000000011856e000 	/Library/Java/JavaVirtualMachines/jdk1.8.0_05.jdk/Contents/Home/jre/lib/libnio.dylib
0x00000001189aa000 	/Library/Java/JavaVirtualMachines/jdk1.8.0_05.jdk/Contents/Home/jre/lib/libsunec.dylib

VM Arguments:
jvm_args: -Xms128M -Xmx512M -XX:MaxPermSize=512M 
java_command: /Users/rgrover/Documents/ofbizworkspace/apache-ofbiz-13.07.02/ofbiz.jar start -portoffset=${portoffset}
java_class_path (initial): /Users/rgrover/Documents/ofbizworkspace/apache-ofbiz-13.07.02/ofbiz.jar
Launcher Type: SUN_STANDARD

Environment Variables:
PATH=/usr/local/bin:/usr/bin:/bin:/usr/sbin:/sbin:/opt/X11/bin:/Applications/microchip/xc8/v1.34/bin
SHELL=/bin/bash
DISPLAY=/private/tmp/com.apple.launchd.hngkUlZ8Nt/org.macosforge.xquartz:0

Signal Handlers:
SIGSEGV: [libjvm.dylib+0x55f7df], sa_mask[0]=0xfffefeff, sa_flags=0x00000043
SIGBUS: [libjvm.dylib+0x55f7df], sa_mask[0]=0xfffefeff, sa_flags=0x00000042
SIGFPE: [libjvm.dylib+0x442cfa], sa_mask[0]=0xfffefeff, sa_flags=0x00000042
SIGPIPE: [libjvm.dylib+0x442cfa], sa_mask[0]=0xfffefeff, sa_flags=0x00000042
SIGXFSZ: [libjvm.dylib+0x442cfa], sa_mask[0]=0xfffefeff, sa_flags=0x00000042
SIGILL: [libjvm.dylib+0x442cfa], sa_mask[0]=0xfffefeff, sa_flags=0x00000042
SIGUSR1: SIG_DFL, sa_mask[0]=0x63807efb, sa_flags=0x00000000
SIGUSR2: [libjvm.dylib+0x442818], sa_mask[0]=0x00000004, sa_flags=0x00000042
SIGHUP: [libjvm.dylib+0x440ba5], sa_mask[0]=0xfffefeff, sa_flags=0x00000042
SIGINT: [libjvm.dylib+0x440ba5], sa_mask[0]=0xfffefeff, sa_flags=0x00000042
SIGTERM: [libjvm.dylib+0x440ba5], sa_mask[0]=0xfffefeff, sa_flags=0x00000042
SIGQUIT: [libjvm.dylib+0x440ba5], sa_mask[0]=0xfffefeff, sa_flags=0x00000042


---------------  S Y S T E M  ---------------

OS:Bsduname:Darwin 14.0.0 Darwin Kernel Version 14.0.0: Fri Sep 19 00:26:44 PDT 2014; root:xnu-2782.1.97~2/RELEASE_X86_64 x86_64
rlimit: STACK 8192k, CORE 0k, NPROC 709, NOFILE 10240, AS infinity
load average:4.03 3.37 2.90

CPU:total 4 (2 cores per cpu, 2 threads per core) family 6 model 69 stepping 1, cmov, cx8, fxsr, mmx, sse, sse2, sse3, ssse3, sse4.1, sse4.2, popcnt, avx, avx2, aes, clmul, erms, ht, tsc, tscinvbit

Memory: 4k page, physical 16777216k(389120k free)

/proc/meminfo:


vm_info: Java HotSpot(TM) 64-Bit Server VM (25.5-b02) for bsd-amd64 JRE (1.8.0_05-b13), built on Mar 18 2014 00:36:13 by "java_re" with gcc 4.2.1 (Based on Apple Inc. build 5658) (LLVM build 2336.11.00)

time: Sun Aug 30 10:31:14 2015
elapsed time: 61609 seconds

